f:\foldery\studia ug - magisterskie\semestr iv\seminarium magisterskie\ambient occlusion\ambient occlusion\ambient occlusion\x64\debug\vc143.pdb
f:\foldery\studia ug - magisterskie\semestr iv\seminarium magisterskie\ambient occlusion\ambient occlusion\ambient occlusion\x64\debug\vc143.idb
f:\foldery\studia ug - magisterskie\semestr iv\seminarium magisterskie\ambient occlusion\ambient occlusion\ambient occlusion\x64\debug\main.obj
f:\foldery\studia ug - magisterskie\semestr iv\seminarium magisterskie\ambient occlusion\ambient occlusion\ambient occlusion\x64\debug\model.obj
f:\foldery\studia ug - magisterskie\semestr iv\seminarium magisterskie\ambient occlusion\ambient occlusion\ambient occlusion\x64\debug\mesh.obj
f:\foldery\studia ug - magisterskie\semestr iv\seminarium magisterskie\ambient occlusion\ambient occlusion\ambient occlusion\x64\debug\shader.obj
f:\foldery\studia ug - magisterskie\semestr iv\seminarium magisterskie\ambient occlusion\ambient occlusion\ambient occlusion\x64\debug\utilityfunctions.obj
f:\foldery\studia ug - magisterskie\semestr iv\seminarium magisterskie\ambient occlusion\ambient occlusion\ambient occlusion\x64\debug\renderdata.obj
f:\foldery\studia ug - magisterskie\semestr iv\seminarium magisterskie\ambient occlusion\ambient occlusion\ambient occlusion\x64\debug\imgui_widgets.obj
f:\foldery\studia ug - magisterskie\semestr iv\seminarium magisterskie\ambient occlusion\ambient occlusion\ambient occlusion\x64\debug\imgui_tables.obj
f:\foldery\studia ug - magisterskie\semestr iv\seminarium magisterskie\ambient occlusion\ambient occlusion\ambient occlusion\x64\debug\imgui_stdlib.obj
f:\foldery\studia ug - magisterskie\semestr iv\seminarium magisterskie\ambient occlusion\ambient occlusion\ambient occlusion\x64\debug\imgui_impl_opengl3.obj
f:\foldery\studia ug - magisterskie\semestr iv\seminarium magisterskie\ambient occlusion\ambient occlusion\ambient occlusion\x64\debug\imgui_impl_glfw.obj
f:\foldery\studia ug - magisterskie\semestr iv\seminarium magisterskie\ambient occlusion\ambient occlusion\ambient occlusion\x64\debug\imgui_draw.obj
f:\foldery\studia ug - magisterskie\semestr iv\seminarium magisterskie\ambient occlusion\ambient occlusion\ambient occlusion\x64\debug\imgui_demo.obj
f:\foldery\studia ug - magisterskie\semestr iv\seminarium magisterskie\ambient occlusion\ambient occlusion\ambient occlusion\x64\debug\imgui.obj
f:\foldery\studia ug - magisterskie\semestr iv\seminarium magisterskie\ambient occlusion\ambient occlusion\ambient occlusion\x64\debug\camera.obj
f:\foldery\studia ug - magisterskie\semestr iv\seminarium magisterskie\ambient occlusion\ambient occlusion\ambient occlusion\x64\debug\glad.obj
f:\foldery\studia ug - magisterskie\semestr iv\seminarium magisterskie\ambient occlusion\ambient occlusion\ambient occlusion\x64\debug\gui.obj
f:\foldery\studia ug - magisterskie\semestr iv\seminarium magisterskie\ambient occlusion\ambient occlusion\ambient occlusion\x64\debug\ssaoplus.obj
f:\foldery\studia ug - magisterskie\semestr iv\seminarium magisterskie\ambient occlusion\ambient occlusion\ambient occlusion\x64\debug\ssao.obj
f:\foldery\studia ug - magisterskie\semestr iv\seminarium magisterskie\ambient occlusion\ambient occlusion\ambient occlusion\x64\debug\hbao.obj
f:\foldery\studia ug - magisterskie\semestr iv\seminarium magisterskie\ambient occlusion\ambient occlusion\x64\debug\ambient occlusion.lib
f:\foldery\studia ug - magisterskie\semestr iv\seminarium magisterskie\ambient occlusion\ambient occlusion\x64\debug\ambient occlusion.exp
f:\foldery\studia ug - magisterskie\semestr iv\seminarium magisterskie\ambient occlusion\ambient occlusion\x64\debug\ambient occlusion.exe
f:\foldery\studia ug - magisterskie\semestr iv\seminarium magisterskie\ambient occlusion\ambient occlusion\ambient occlusion\x64\debug\ambient occlusion.ilk
f:\foldery\studia ug - magisterskie\semestr iv\seminarium magisterskie\ambient occlusion\ambient occlusion\x64\debug\ambient occlusion.pdb
f:\foldery\studia ug - magisterskie\semestr iv\seminarium magisterskie\ambient occlusion\ambient occlusion\ambient occlusion\x64\debug\gui.obj.enc
f:\foldery\studia ug - magisterskie\semestr iv\seminarium magisterskie\ambient occlusion\ambient occlusion\ambient occlusion\x64\debug\main.obj.enc
f:\foldery\studia ug - magisterskie\semestr iv\seminarium magisterskie\ambient occlusion\ambient occlusion\ambient occlusion\x64\debug\ambient .6732e16e.tlog\cl.command.1.tlog
f:\foldery\studia ug - magisterskie\semestr iv\seminarium magisterskie\ambient occlusion\ambient occlusion\ambient occlusion\x64\debug\ambient .6732e16e.tlog\cl.items.tlog
f:\foldery\studia ug - magisterskie\semestr iv\seminarium magisterskie\ambient occlusion\ambient occlusion\ambient occlusion\x64\debug\ambient .6732e16e.tlog\cl.read.1.tlog
f:\foldery\studia ug - magisterskie\semestr iv\seminarium magisterskie\ambient occlusion\ambient occlusion\ambient occlusion\x64\debug\ambient .6732e16e.tlog\cl.write.1.tlog
f:\foldery\studia ug - magisterskie\semestr iv\seminarium magisterskie\ambient occlusion\ambient occlusion\ambient occlusion\x64\debug\ambient .6732e16e.tlog\link.command.1.tlog
f:\foldery\studia ug - magisterskie\semestr iv\seminarium magisterskie\ambient occlusion\ambient occlusion\ambient occlusion\x64\debug\ambient .6732e16e.tlog\link.read.1.tlog
f:\foldery\studia ug - magisterskie\semestr iv\seminarium magisterskie\ambient occlusion\ambient occlusion\ambient occlusion\x64\debug\ambient .6732e16e.tlog\link.write.1.tlog
f:\foldery\studia ug - magisterskie\semestr iv\seminarium magisterskie\ambient occlusion\ambient occlusion\ambient occlusion\x64\debug\ambient .6732e16e.tlog\link.write.2u.tlog
